E:\SCHOOL\IGRA1\TASK05A\DEBUG\TASK5A.OBJ
E:\SCHOOL\IGRA1\TASK05A\DEBUG\VC110.PDB
E:\SCHOOL\IGRA1\DEBUG\TASK05A.ILK
E:\SCHOOL\IGRA1\DEBUG\TASK05A.EXE
E:\SCHOOL\IGRA1\DEBUG\TASK05A.PDB
E:\School\igra1\Task05a\Debug\Task05a.vcxprojResolveAssemblyReference.cache
E:\School\igra1\Task05a\Debug\Task5a.obj
E:\School\igra1\Task05a\Debug\cl.command.1.tlog
E:\School\igra1\Task05a\Debug\CL.read.1.tlog
E:\School\igra1\Task05a\Debug\CL.write.1.tlog
E:\School\igra1\Task05a\Debug\link-cvtres.read.1.tlog
E:\School\igra1\Task05a\Debug\link-cvtres.write.1.tlog
E:\School\igra1\Task05a\Debug\link-rc.read.1.tlog
E:\School\igra1\Task05a\Debug\link-rc.write.1.tlog
E:\School\igra1\Task05a\Debug\link.command.1.tlog
E:\School\igra1\Task05a\Debug\link.read.1.tlog
E:\School\igra1\Task05a\Debug\link.write.1.tlog
E:\School\igra1\Task05a\Debug\vc110.idb
E:\School\igra1\Task05a\Debug\vc110.pdb
E:\School\igra1\Debug\Task05a.pdb
E:\School\igra1\Debug\Task05a.exe
E:\School\igra1\Debug\Task05a.ilk
