E:\SCHOOL\IGRA1\TASK05\DEBUG\TASK5A.OBJ
E:\SCHOOL\IGRA1\TASK05\DEBUG\VC110.PDB
E:\SCHOOL\IGRA1\DEBUG\TASK05.ILK
E:\SCHOOL\IGRA1\DEBUG\TASK05.EXE
E:\SCHOOL\IGRA1\DEBUG\TASK05.PDB
E:\School\igra1\Task05\Debug\Task05.vcxprojResolveAssemblyReference.cache
E:\School\igra1\Task05\Debug\Task5a.obj
E:\School\igra1\Task05\Debug\cl.command.1.tlog
E:\School\igra1\Task05\Debug\CL.read.1.tlog
E:\School\igra1\Task05\Debug\CL.write.1.tlog
E:\School\igra1\Task05\Debug\link-cvtres.read.1.tlog
E:\School\igra1\Task05\Debug\link-cvtres.write.1.tlog
E:\School\igra1\Task05\Debug\link-rc.read.1.tlog
E:\School\igra1\Task05\Debug\link-rc.write.1.tlog
E:\School\igra1\Task05\Debug\link.command.1.tlog
E:\School\igra1\Task05\Debug\link.read.1.tlog
E:\School\igra1\Task05\Debug\link.write.1.tlog
E:\School\igra1\Task05\Debug\vc110.idb
E:\School\igra1\Task05\Debug\vc110.pdb
E:\School\igra1\Debug\Task05.pdb
E:\School\igra1\Debug\Task05.exe
E:\School\igra1\Debug\Task05.ilk
