Build started 1/3/2015 5:06:17 PM.
     1>Project "D:\School\igra1\igra1\igra1.vcxproj" on node 2 (Build target(s)).
     1>FxCompile:
         C:\Program Files (x86)\Windows Kits\8.0\bin\x86\fxc.exe /nologo /E"main" /T ps_4_0_level_9_3 /Fo "..\Content\Shaders\PS_Coloured.cso" /Od /Zi ..\Task04\Shaders\PS_Coloured.hlsl 
         compilation object save succeeded; see D:\School\igra1\Content\Shaders\PS_Coloured.cso
         C:\Program Files (x86)\Windows Kits\8.0\bin\x86\fxc.exe /nologo /E"main" /T vs_4_0_level_9_3 /Fo "..\Content\Shaders\VS_Coloured.cso" /Od /Zi ..\Task04\Shaders\VS_Coloured.hlsl 
         compilation object save succeeded; see D:\School\igra1\Content\Shaders\VS_Coloured.cso
         C:\Program Files (x86)\Windows Kits\8.0\bin\x86\fxc.exe /nologo /E"main" /T vs_4_0_level_9_3 /Fo "..\Content\Shaders\VS_Coloured3D.cso" /Od /Zi ..\Task04\Shaders\VS_Coloured3D.hlsl 
         compilation object save succeeded; see D:\School\igra1\Content\Shaders\VS_Coloured3D.cso
         C:\Program Files (x86)\Windows Kits\8.0\bin\x86\fxc.exe /nologo /E"main" /T ps_4_0_level_9_3 /Fo "..\Content\Shaders\PS_DirLight.cso" /Od /Zi PS_DirLight.hlsl 
         compilation object save succeeded; see D:\School\igra1\Content\Shaders\PS_DirLight.cso
         C:\Program Files (x86)\Windows Kits\8.0\bin\x86\fxc.exe /nologo /E"main" /T ps_4_0_level_9_3 /Fo "..\Content\Shaders\PS_DummyLight.cso" /Od /Zi PS_DummyLight.hlsl 
         compilation object save succeeded; see D:\School\igra1\Content\Shaders\PS_DummyLight.cso
         C:\Program Files (x86)\Windows Kits\8.0\bin\x86\fxc.exe /nologo /E"main" /T ps_4_0_level_9_3 /Fo "..\Content\Shaders\PS_unlit.cso" /Od /Zi PS_unlit.hlsl 
         compilation object save succeeded; see D:\School\igra1\Content\Shaders\PS_unlit.cso
         C:\Program Files (x86)\Windows Kits\8.0\bin\x86\fxc.exe /nologo /E"main" /T vs_4_0_level_9_3 /Fo "..\Content\Shaders\VS_default.cso" /Od /Zi VS_default.hlsl 
         compilation object save succeeded; see D:\School\igra1\Content\Shaders\VS_default.cso
       ClCompile:
         C:\Program Files (x86)\Microsoft Visual Studio 11.0\VC\bin\CL.exe /c /ZI /nologo /W3 /WX- /Od /Oy- /D WIN32 /D _DEBUG /D _LIB /D _UNICODE /D UNICODE /Gm /EHsc /RTC1 /MDd /GS /fp:precise /Zc:wchar_t /Zc:forScope /Fo"Debug\\" /Fd"Debug\vc110.pdb" /Gd /TP /analyze- /errorReport:prompt Draw3D.cpp GeometryGenerator.cpp IgraApp.cpp IgraUtils.cpp ModelLoad.cpp ModelObj.cpp Node.cpp ShaderManager.cpp
         ShaderManager.cpp
         Node.cpp
         ModelObj.cpp
         ModelLoad.cpp
         IgraUtils.cpp
         IgraApp.cpp
         GeometryGenerator.cpp
         Draw3D.cpp
         Generating Code...
       Lib:
         C:\Program Files (x86)\Microsoft Visual Studio 11.0\VC\bin\Lib.exe /OUT:"D:\School\igra1\Debug\igra1.lib" /NOLOGO Debug\Draw3D.obj
         Debug\GeometryGenerator.obj
         Debug\IgraApp.obj
         Debug\IgraUtils.obj
         Debug\ModelLoad.obj
         Debug\ModelObj.obj
         Debug\Node.obj
         Debug\ShaderManager.obj
         igra1.vcxproj -> D:\School\igra1\Debug\igra1.lib
     1>Done Building Project "D:\School\igra1\igra1\igra1.vcxproj" (Build target(s)).

Build succeeded.

Time Elapsed 00:00:20.47
