E:\SCHOOL\IGRA1\IGRA1\DEBUG\DRAW3D.OBJ
E:\SCHOOL\IGRA1\IGRA1\DEBUG\GEOMETRYGENERATOR.OBJ
E:\SCHOOL\IGRA1\IGRA1\DEBUG\IGRAAPP.OBJ
E:\SCHOOL\IGRA1\IGRA1\DEBUG\IGRAUTILS.OBJ
E:\SCHOOL\IGRA1\IGRA1\DEBUG\MODELLOAD.OBJ
E:\SCHOOL\IGRA1\IGRA1\DEBUG\MODELOBJ.OBJ
E:\SCHOOL\IGRA1\IGRA1\DEBUG\NODE.OBJ
E:\SCHOOL\IGRA1\IGRA1\DEBUG\SHADERMANAGER.OBJ
E:\SCHOOL\IGRA1\IGRA1\DEBUG\VC110.PDB
E:\SCHOOL\IGRA1\CONTENT\SHADERS\PS_COLOURED.CSO
E:\SCHOOL\IGRA1\CONTENT\SHADERS\VS_COLOURED.CSO
E:\SCHOOL\IGRA1\CONTENT\SHADERS\VS_COLOURED3D.CSO
E:\SCHOOL\IGRA1\CONTENT\SHADERS\PS_DIRLIGHT.CSO
E:\SCHOOL\IGRA1\CONTENT\SHADERS\PS_DUMMYLIGHT.CSO
E:\SCHOOL\IGRA1\CONTENT\SHADERS\PS_UNLIT.CSO
E:\SCHOOL\IGRA1\CONTENT\SHADERS\VS_DEFAULT.CSO
E:\School\igra1\Content\Shaders\PS_Coloured.cso
E:\School\igra1\Content\Shaders\VS_Coloured.cso
E:\School\igra1\Content\Shaders\VS_Coloured3D.cso
E:\School\igra1\Content\Shaders\PS_DirLight.cso
E:\School\igra1\Content\Shaders\PS_DummyLight.cso
E:\School\igra1\Content\Shaders\PS_unlit.cso
E:\School\igra1\Content\Shaders\VS_default.cso
E:\SCHOOL\IGRA1\DEBUG\IGRA1.LIB
E:\School\igra1\igra1\Debug\Draw3D.obj
E:\School\igra1\igra1\Debug\GeometryGenerator.obj
E:\School\igra1\igra1\Debug\IgraApp.obj
E:\School\igra1\igra1\Debug\IgraUtils.obj
E:\School\igra1\igra1\Debug\ModelLoad.obj
E:\School\igra1\igra1\Debug\ModelObj.obj
E:\School\igra1\igra1\Debug\Node.obj
E:\School\igra1\igra1\Debug\ShaderManager.obj
E:\School\igra1\igra1\Debug\cl.command.1.tlog
E:\School\igra1\igra1\Debug\CL.read.1.tlog
E:\School\igra1\igra1\Debug\CL.write.1.tlog
E:\School\igra1\igra1\Debug\FXC.command.1.tlog
E:\School\igra1\igra1\Debug\fxc.read.1.tlog
E:\School\igra1\igra1\Debug\fxc.write.1.tlog
E:\School\igra1\igra1\Debug\igra1.write.1.tlog
E:\School\igra1\igra1\Debug\Lib-link.read.1.tlog
E:\School\igra1\igra1\Debug\Lib-link.write.1.tlog
E:\School\igra1\igra1\Debug\lib.command.1.tlog
E:\School\igra1\igra1\Debug\vc110.idb
E:\School\igra1\igra1\Debug\vc110.pdb
E:\School\igra1\Debug\igra1.lib
