E:\SCHOOL\IGRA1\TASK10\DEBUG\TASK10B.OBJ
E:\SCHOOL\IGRA1\TASK10\DEBUG\VC110.PDB
E:\SCHOOL\IGRA1\DEBUG\TASK10.ILK
E:\SCHOOL\IGRA1\DEBUG\TASK10.EXE
E:\SCHOOL\IGRA1\DEBUG\TASK10.PDB
E:\School\igra1\Task10\Debug\Task10.vcxprojResolveAssemblyReference.cache
E:\School\igra1\Task10\Debug\Task10.obj
E:\School\igra1\Task10\Debug\Task10b.obj
E:\School\igra1\Task10\Debug\cl.command.1.tlog
E:\School\igra1\Task10\Debug\CL.read.1.tlog
E:\School\igra1\Task10\Debug\CL.write.1.tlog
E:\School\igra1\Task10\Debug\link-cvtres.read.1.tlog
E:\School\igra1\Task10\Debug\link-cvtres.write.1.tlog
E:\School\igra1\Task10\Debug\link-rc.read.1.tlog
E:\School\igra1\Task10\Debug\link-rc.write.1.tlog
E:\School\igra1\Task10\Debug\link.4360-cvtres.read.1.tlog
E:\School\igra1\Task10\Debug\link.4360-cvtres.write.1.tlog
E:\School\igra1\Task10\Debug\link.4360-rc.read.1.tlog
E:\School\igra1\Task10\Debug\link.4360-rc.write.1.tlog
E:\School\igra1\Task10\Debug\link.4360.read.1.tlog
E:\School\igra1\Task10\Debug\link.4360.write.1.tlog
E:\School\igra1\Task10\Debug\link.5392-cvtres.read.1.tlog
E:\School\igra1\Task10\Debug\link.5392-cvtres.write.1.tlog
E:\School\igra1\Task10\Debug\link.5392-rc.read.1.tlog
E:\School\igra1\Task10\Debug\link.5392-rc.write.1.tlog
E:\School\igra1\Task10\Debug\link.5392.read.1.tlog
E:\School\igra1\Task10\Debug\link.5392.write.1.tlog
E:\School\igra1\Task10\Debug\link.5780-cvtres.read.1.tlog
E:\School\igra1\Task10\Debug\link.5780-cvtres.write.1.tlog
E:\School\igra1\Task10\Debug\link.5780-rc.read.1.tlog
E:\School\igra1\Task10\Debug\link.5780-rc.write.1.tlog
E:\School\igra1\Task10\Debug\link.5780.read.1.tlog
E:\School\igra1\Task10\Debug\link.5780.write.1.tlog
E:\School\igra1\Task10\Debug\link.6372-cvtres.read.1.tlog
E:\School\igra1\Task10\Debug\link.6372-cvtres.write.1.tlog
E:\School\igra1\Task10\Debug\link.6372-rc.read.1.tlog
E:\School\igra1\Task10\Debug\link.6372-rc.write.1.tlog
E:\School\igra1\Task10\Debug\link.6372.read.1.tlog
E:\School\igra1\Task10\Debug\link.6372.write.1.tlog
E:\School\igra1\Task10\Debug\link.7588-cvtres.read.1.tlog
E:\School\igra1\Task10\Debug\link.7588-cvtres.write.1.tlog
E:\School\igra1\Task10\Debug\link.7588-rc.read.1.tlog
E:\School\igra1\Task10\Debug\link.7588-rc.write.1.tlog
E:\School\igra1\Task10\Debug\link.7588.read.1.tlog
E:\School\igra1\Task10\Debug\link.7588.write.1.tlog
E:\School\igra1\Task10\Debug\link.command.1.tlog
E:\School\igra1\Task10\Debug\link.read.1.tlog
E:\School\igra1\Task10\Debug\link.write.1.tlog
E:\School\igra1\Task10\Debug\vc110.idb
E:\School\igra1\Task10\Debug\vc110.pdb
E:\School\igra1\Debug\Task10.pdb
E:\School\igra1\Debug\Task10.exe
E:\School\igra1\Debug\Task10.ilk
