E:\SCHOOL\IGRA1\TASK07\DEBUG\CA.OBJ
E:\SCHOOL\IGRA1\TASK07\DEBUG\VC110.PDB
E:\SCHOOL\IGRA1\DEBUG\TASK7.ILK
E:\SCHOOL\IGRA1\DEBUG\TASK7.EXE
E:\SCHOOL\IGRA1\DEBUG\TASK7.PDB
E:\School\igra1\Task07\Debug\Task7.vcxprojResolveAssemblyReference.cache
E:\School\igra1\Task07\Debug\CA.obj
E:\School\igra1\Task07\Debug\Task7.obj
E:\School\igra1\Task07\Debug\Task7Test.obj
E:\School\igra1\Task07\Debug\cl.command.1.tlog
E:\School\igra1\Task07\Debug\CL.read.1.tlog
E:\School\igra1\Task07\Debug\CL.write.1.tlog
E:\School\igra1\Task07\Debug\link-cvtres.read.1.tlog
E:\School\igra1\Task07\Debug\link-cvtres.write.1.tlog
E:\School\igra1\Task07\Debug\link-rc.read.1.tlog
E:\School\igra1\Task07\Debug\link-rc.write.1.tlog
E:\School\igra1\Task07\Debug\link.10252-cvtres.read.1.tlog
E:\School\igra1\Task07\Debug\link.10252-cvtres.write.1.tlog
E:\School\igra1\Task07\Debug\link.10252-rc.read.1.tlog
E:\School\igra1\Task07\Debug\link.10252-rc.write.1.tlog
E:\School\igra1\Task07\Debug\link.10252.read.1.tlog
E:\School\igra1\Task07\Debug\link.10252.write.1.tlog
E:\School\igra1\Task07\Debug\link.10284-cvtres.read.1.tlog
E:\School\igra1\Task07\Debug\link.10284-cvtres.write.1.tlog
E:\School\igra1\Task07\Debug\link.10284-rc.read.1.tlog
E:\School\igra1\Task07\Debug\link.10284-rc.write.1.tlog
E:\School\igra1\Task07\Debug\link.10284.read.1.tlog
E:\School\igra1\Task07\Debug\link.10284.write.1.tlog
E:\School\igra1\Task07\Debug\link.10312-cvtres.read.1.tlog
E:\School\igra1\Task07\Debug\link.10312-cvtres.write.1.tlog
E:\School\igra1\Task07\Debug\link.10312-rc.read.1.tlog
E:\School\igra1\Task07\Debug\link.10312-rc.write.1.tlog
E:\School\igra1\Task07\Debug\link.10312.read.1.tlog
E:\School\igra1\Task07\Debug\link.10312.write.1.tlog
E:\School\igra1\Task07\Debug\link.10344-cvtres.read.1.tlog
E:\School\igra1\Task07\Debug\link.10344-cvtres.write.1.tlog
E:\School\igra1\Task07\Debug\link.10344-rc.read.1.tlog
E:\School\igra1\Task07\Debug\link.10344-rc.write.1.tlog
E:\School\igra1\Task07\Debug\link.10344.read.1.tlog
E:\School\igra1\Task07\Debug\link.10344.write.1.tlog
E:\School\igra1\Task07\Debug\link.1044-cvtres.read.1.tlog
E:\School\igra1\Task07\Debug\link.1044-cvtres.write.1.tlog
E:\School\igra1\Task07\Debug\link.1044-rc.read.1.tlog
E:\School\igra1\Task07\Debug\link.1044-rc.write.1.tlog
E:\School\igra1\Task07\Debug\link.1044.read.1.tlog
E:\School\igra1\Task07\Debug\link.1044.write.1.tlog
E:\School\igra1\Task07\Debug\link.10776-cvtres.read.1.tlog
E:\School\igra1\Task07\Debug\link.10776-cvtres.write.1.tlog
E:\School\igra1\Task07\Debug\link.10776-rc.read.1.tlog
E:\School\igra1\Task07\Debug\link.10776-rc.write.1.tlog
E:\School\igra1\Task07\Debug\link.10776.read.1.tlog
E:\School\igra1\Task07\Debug\link.10776.write.1.tlog
E:\School\igra1\Task07\Debug\link.10796-cvtres.read.1.tlog
E:\School\igra1\Task07\Debug\link.10796-cvtres.write.1.tlog
E:\School\igra1\Task07\Debug\link.10796-rc.read.1.tlog
E:\School\igra1\Task07\Debug\link.10796-rc.write.1.tlog
E:\School\igra1\Task07\Debug\link.10796.read.1.tlog
E:\School\igra1\Task07\Debug\link.10796.write.1.tlog
E:\School\igra1\Task07\Debug\link.10920-cvtres.read.1.tlog
E:\School\igra1\Task07\Debug\link.10920-cvtres.write.1.tlog
E:\School\igra1\Task07\Debug\link.10920-rc.read.1.tlog
E:\School\igra1\Task07\Debug\link.10920-rc.write.1.tlog
E:\School\igra1\Task07\Debug\link.10920.read.1.tlog
E:\School\igra1\Task07\Debug\link.10920.write.1.tlog
E:\School\igra1\Task07\Debug\link.10960-cvtres.read.1.tlog
E:\School\igra1\Task07\Debug\link.10960-cvtres.write.1.tlog
E:\School\igra1\Task07\Debug\link.10960-rc.read.1.tlog
E:\School\igra1\Task07\Debug\link.10960-rc.write.1.tlog
E:\School\igra1\Task07\Debug\link.10960.read.1.tlog
E:\School\igra1\Task07\Debug\link.10960.write.1.tlog
E:\School\igra1\Task07\Debug\link.10980-cvtres.read.1.tlog
E:\School\igra1\Task07\Debug\link.10980-cvtres.write.1.tlog
E:\School\igra1\Task07\Debug\link.10980-rc.read.1.tlog
E:\School\igra1\Task07\Debug\link.10980-rc.write.1.tlog
E:\School\igra1\Task07\Debug\link.10980.read.1.tlog
E:\School\igra1\Task07\Debug\link.10980.write.1.tlog
E:\School\igra1\Task07\Debug\link.11040-cvtres.read.1.tlog
E:\School\igra1\Task07\Debug\link.11040-cvtres.write.1.tlog
E:\School\igra1\Task07\Debug\link.11040-rc.read.1.tlog
E:\School\igra1\Task07\Debug\link.11040-rc.write.1.tlog
E:\School\igra1\Task07\Debug\link.11040.read.1.tlog
E:\School\igra1\Task07\Debug\link.11040.write.1.tlog
E:\School\igra1\Task07\Debug\link.11084-cvtres.read.1.tlog
E:\School\igra1\Task07\Debug\link.11084-cvtres.write.1.tlog
E:\School\igra1\Task07\Debug\link.11084-rc.read.1.tlog
E:\School\igra1\Task07\Debug\link.11084-rc.write.1.tlog
E:\School\igra1\Task07\Debug\link.11084.read.1.tlog
E:\School\igra1\Task07\Debug\link.11084.write.1.tlog
E:\School\igra1\Task07\Debug\link.11232-cvtres.read.1.tlog
E:\School\igra1\Task07\Debug\link.11232-cvtres.write.1.tlog
E:\School\igra1\Task07\Debug\link.11232-rc.read.1.tlog
E:\School\igra1\Task07\Debug\link.11232-rc.write.1.tlog
E:\School\igra1\Task07\Debug\link.11232.read.1.tlog
E:\School\igra1\Task07\Debug\link.11232.write.1.tlog
E:\School\igra1\Task07\Debug\link.11240-cvtres.read.1.tlog
E:\School\igra1\Task07\Debug\link.11240-cvtres.write.1.tlog
E:\School\igra1\Task07\Debug\link.11240-rc.read.1.tlog
E:\School\igra1\Task07\Debug\link.11240-rc.write.1.tlog
E:\School\igra1\Task07\Debug\link.11240.read.1.tlog
E:\School\igra1\Task07\Debug\link.11240.write.1.tlog
E:\School\igra1\Task07\Debug\link.1152-cvtres.read.1.tlog
E:\School\igra1\Task07\Debug\link.1152-cvtres.write.1.tlog
E:\School\igra1\Task07\Debug\link.1152-rc.read.1.tlog
E:\School\igra1\Task07\Debug\link.1152-rc.write.1.tlog
E:\School\igra1\Task07\Debug\link.1152.read.1.tlog
E:\School\igra1\Task07\Debug\link.1152.write.1.tlog
E:\School\igra1\Task07\Debug\link.11684-cvtres.read.1.tlog
E:\School\igra1\Task07\Debug\link.11684-cvtres.write.1.tlog
E:\School\igra1\Task07\Debug\link.11684-rc.read.1.tlog
E:\School\igra1\Task07\Debug\link.11684-rc.write.1.tlog
E:\School\igra1\Task07\Debug\link.11684.read.1.tlog
E:\School\igra1\Task07\Debug\link.11684.write.1.tlog
E:\School\igra1\Task07\Debug\link.11760-cvtres.read.1.tlog
E:\School\igra1\Task07\Debug\link.11760-cvtres.write.1.tlog
E:\School\igra1\Task07\Debug\link.11760-rc.read.1.tlog
E:\School\igra1\Task07\Debug\link.11760-rc.write.1.tlog
E:\School\igra1\Task07\Debug\link.11760.read.1.tlog
E:\School\igra1\Task07\Debug\link.11760.write.1.tlog
E:\School\igra1\Task07\Debug\link.1340-cvtres.read.1.tlog
E:\School\igra1\Task07\Debug\link.1340-cvtres.write.1.tlog
E:\School\igra1\Task07\Debug\link.1340-rc.read.1.tlog
E:\School\igra1\Task07\Debug\link.1340-rc.write.1.tlog
E:\School\igra1\Task07\Debug\link.1340.read.1.tlog
E:\School\igra1\Task07\Debug\link.1340.write.1.tlog
E:\School\igra1\Task07\Debug\link.1364-cvtres.read.1.tlog
E:\School\igra1\Task07\Debug\link.1364-cvtres.write.1.tlog
E:\School\igra1\Task07\Debug\link.1364-rc.read.1.tlog
E:\School\igra1\Task07\Debug\link.1364-rc.write.1.tlog
E:\School\igra1\Task07\Debug\link.1364.read.1.tlog
E:\School\igra1\Task07\Debug\link.1364.write.1.tlog
E:\School\igra1\Task07\Debug\link.1416-cvtres.read.1.tlog
E:\School\igra1\Task07\Debug\link.1416-cvtres.write.1.tlog
E:\School\igra1\Task07\Debug\link.1416-rc.read.1.tlog
E:\School\igra1\Task07\Debug\link.1416-rc.write.1.tlog
E:\School\igra1\Task07\Debug\link.1416.read.1.tlog
E:\School\igra1\Task07\Debug\link.1416.write.1.tlog
E:\School\igra1\Task07\Debug\link.1568-cvtres.read.1.tlog
E:\School\igra1\Task07\Debug\link.1568-cvtres.write.1.tlog
E:\School\igra1\Task07\Debug\link.1568-rc.read.1.tlog
E:\School\igra1\Task07\Debug\link.1568-rc.write.1.tlog
E:\School\igra1\Task07\Debug\link.1568.read.1.tlog
E:\School\igra1\Task07\Debug\link.1568.write.1.tlog
E:\School\igra1\Task07\Debug\link.1712-cvtres.read.1.tlog
E:\School\igra1\Task07\Debug\link.1712-cvtres.write.1.tlog
E:\School\igra1\Task07\Debug\link.1712-rc.read.1.tlog
E:\School\igra1\Task07\Debug\link.1712-rc.write.1.tlog
E:\School\igra1\Task07\Debug\link.1712.read.1.tlog
E:\School\igra1\Task07\Debug\link.1712.write.1.tlog
E:\School\igra1\Task07\Debug\link.1800-cvtres.read.1.tlog
E:\School\igra1\Task07\Debug\link.1800-cvtres.write.1.tlog
E:\School\igra1\Task07\Debug\link.1800-rc.read.1.tlog
E:\School\igra1\Task07\Debug\link.1800-rc.write.1.tlog
E:\School\igra1\Task07\Debug\link.1800.read.1.tlog
E:\School\igra1\Task07\Debug\link.1800.write.1.tlog
E:\School\igra1\Task07\Debug\link.2032-cvtres.read.1.tlog
E:\School\igra1\Task07\Debug\link.2032-cvtres.write.1.tlog
E:\School\igra1\Task07\Debug\link.2032-rc.read.1.tlog
E:\School\igra1\Task07\Debug\link.2032-rc.write.1.tlog
E:\School\igra1\Task07\Debug\link.2032.read.1.tlog
E:\School\igra1\Task07\Debug\link.2032.write.1.tlog
E:\School\igra1\Task07\Debug\link.2492-cvtres.read.1.tlog
E:\School\igra1\Task07\Debug\link.2492-cvtres.write.1.tlog
E:\School\igra1\Task07\Debug\link.2492-rc.read.1.tlog
E:\School\igra1\Task07\Debug\link.2492-rc.write.1.tlog
E:\School\igra1\Task07\Debug\link.2492.read.1.tlog
E:\School\igra1\Task07\Debug\link.2492.write.1.tlog
E:\School\igra1\Task07\Debug\link.2620-cvtres.read.1.tlog
E:\School\igra1\Task07\Debug\link.2620-cvtres.write.1.tlog
E:\School\igra1\Task07\Debug\link.2620-rc.read.1.tlog
E:\School\igra1\Task07\Debug\link.2620-rc.write.1.tlog
E:\School\igra1\Task07\Debug\link.2620.read.1.tlog
E:\School\igra1\Task07\Debug\link.2620.write.1.tlog
E:\School\igra1\Task07\Debug\link.2672-cvtres.read.1.tlog
E:\School\igra1\Task07\Debug\link.2672-cvtres.write.1.tlog
E:\School\igra1\Task07\Debug\link.2672-rc.read.1.tlog
E:\School\igra1\Task07\Debug\link.2672-rc.write.1.tlog
E:\School\igra1\Task07\Debug\link.2672.read.1.tlog
E:\School\igra1\Task07\Debug\link.2672.write.1.tlog
E:\School\igra1\Task07\Debug\link.2728-cvtres.read.1.tlog
E:\School\igra1\Task07\Debug\link.2728-cvtres.write.1.tlog
E:\School\igra1\Task07\Debug\link.2728-rc.read.1.tlog
E:\School\igra1\Task07\Debug\link.2728-rc.write.1.tlog
E:\School\igra1\Task07\Debug\link.2728.read.1.tlog
E:\School\igra1\Task07\Debug\link.2728.write.1.tlog
E:\School\igra1\Task07\Debug\link.2888-cvtres.read.1.tlog
E:\School\igra1\Task07\Debug\link.2888-cvtres.write.1.tlog
E:\School\igra1\Task07\Debug\link.2888-rc.read.1.tlog
E:\School\igra1\Task07\Debug\link.2888-rc.write.1.tlog
E:\School\igra1\Task07\Debug\link.2888.read.1.tlog
E:\School\igra1\Task07\Debug\link.2888.write.1.tlog
E:\School\igra1\Task07\Debug\link.3208-cvtres.read.1.tlog
E:\School\igra1\Task07\Debug\link.3208-cvtres.write.1.tlog
E:\School\igra1\Task07\Debug\link.3208-rc.read.1.tlog
E:\School\igra1\Task07\Debug\link.3208-rc.write.1.tlog
E:\School\igra1\Task07\Debug\link.3208.read.1.tlog
E:\School\igra1\Task07\Debug\link.3208.write.1.tlog
E:\School\igra1\Task07\Debug\link.3384-cvtres.read.1.tlog
E:\School\igra1\Task07\Debug\link.3384-cvtres.write.1.tlog
E:\School\igra1\Task07\Debug\link.3384-rc.read.1.tlog
E:\School\igra1\Task07\Debug\link.3384-rc.write.1.tlog
E:\School\igra1\Task07\Debug\link.3384.read.1.tlog
E:\School\igra1\Task07\Debug\link.3384.write.1.tlog
E:\School\igra1\Task07\Debug\link.4144-cvtres.read.1.tlog
E:\School\igra1\Task07\Debug\link.4144-cvtres.write.1.tlog
E:\School\igra1\Task07\Debug\link.4144-rc.read.1.tlog
E:\School\igra1\Task07\Debug\link.4144-rc.write.1.tlog
E:\School\igra1\Task07\Debug\link.4144.read.1.tlog
E:\School\igra1\Task07\Debug\link.4144.write.1.tlog
E:\School\igra1\Task07\Debug\link.4476-cvtres.read.1.tlog
E:\School\igra1\Task07\Debug\link.4476-cvtres.write.1.tlog
E:\School\igra1\Task07\Debug\link.4476-rc.read.1.tlog
E:\School\igra1\Task07\Debug\link.4476-rc.write.1.tlog
E:\School\igra1\Task07\Debug\link.4476.read.1.tlog
E:\School\igra1\Task07\Debug\link.4476.write.1.tlog
E:\School\igra1\Task07\Debug\link.4804-cvtres.read.1.tlog
E:\School\igra1\Task07\Debug\link.4804-cvtres.write.1.tlog
E:\School\igra1\Task07\Debug\link.4804-rc.read.1.tlog
E:\School\igra1\Task07\Debug\link.4804-rc.write.1.tlog
E:\School\igra1\Task07\Debug\link.4804.read.1.tlog
E:\School\igra1\Task07\Debug\link.4804.write.1.tlog
E:\School\igra1\Task07\Debug\link.5252-cvtres.read.1.tlog
E:\School\igra1\Task07\Debug\link.5252-cvtres.write.1.tlog
E:\School\igra1\Task07\Debug\link.5252-rc.read.1.tlog
E:\School\igra1\Task07\Debug\link.5252-rc.write.1.tlog
E:\School\igra1\Task07\Debug\link.5252.read.1.tlog
E:\School\igra1\Task07\Debug\link.5252.write.1.tlog
E:\School\igra1\Task07\Debug\link.5308-cvtres.read.1.tlog
E:\School\igra1\Task07\Debug\link.5308-cvtres.write.1.tlog
E:\School\igra1\Task07\Debug\link.5308-rc.read.1.tlog
E:\School\igra1\Task07\Debug\link.5308-rc.write.1.tlog
E:\School\igra1\Task07\Debug\link.5308.read.1.tlog
E:\School\igra1\Task07\Debug\link.5308.write.1.tlog
E:\School\igra1\Task07\Debug\link.5412-cvtres.read.1.tlog
E:\School\igra1\Task07\Debug\link.5412-cvtres.write.1.tlog
E:\School\igra1\Task07\Debug\link.5412-rc.read.1.tlog
E:\School\igra1\Task07\Debug\link.5412-rc.write.1.tlog
E:\School\igra1\Task07\Debug\link.5412.read.1.tlog
E:\School\igra1\Task07\Debug\link.5412.write.1.tlog
E:\School\igra1\Task07\Debug\link.5728-cvtres.read.1.tlog
E:\School\igra1\Task07\Debug\link.5728-cvtres.write.1.tlog
E:\School\igra1\Task07\Debug\link.5728-rc.read.1.tlog
E:\School\igra1\Task07\Debug\link.5728-rc.write.1.tlog
E:\School\igra1\Task07\Debug\link.5728.read.1.tlog
E:\School\igra1\Task07\Debug\link.5728.write.1.tlog
E:\School\igra1\Task07\Debug\link.6264-cvtres.read.1.tlog
E:\School\igra1\Task07\Debug\link.6264-cvtres.write.1.tlog
E:\School\igra1\Task07\Debug\link.6264-rc.read.1.tlog
E:\School\igra1\Task07\Debug\link.6264-rc.write.1.tlog
E:\School\igra1\Task07\Debug\link.6264.read.1.tlog
E:\School\igra1\Task07\Debug\link.6264.write.1.tlog
E:\School\igra1\Task07\Debug\link.6452-cvtres.read.1.tlog
E:\School\igra1\Task07\Debug\link.6452-cvtres.write.1.tlog
E:\School\igra1\Task07\Debug\link.6452-rc.read.1.tlog
E:\School\igra1\Task07\Debug\link.6452-rc.write.1.tlog
E:\School\igra1\Task07\Debug\link.6452.read.1.tlog
E:\School\igra1\Task07\Debug\link.6452.write.1.tlog
E:\School\igra1\Task07\Debug\link.6588-cvtres.read.1.tlog
E:\School\igra1\Task07\Debug\link.6588-cvtres.write.1.tlog
E:\School\igra1\Task07\Debug\link.6588-rc.read.1.tlog
E:\School\igra1\Task07\Debug\link.6588-rc.write.1.tlog
E:\School\igra1\Task07\Debug\link.6588.read.1.tlog
E:\School\igra1\Task07\Debug\link.6588.write.1.tlog
E:\School\igra1\Task07\Debug\link.6596-cvtres.read.1.tlog
E:\School\igra1\Task07\Debug\link.6596-cvtres.write.1.tlog
E:\School\igra1\Task07\Debug\link.6596-rc.read.1.tlog
E:\School\igra1\Task07\Debug\link.6596-rc.write.1.tlog
E:\School\igra1\Task07\Debug\link.6596.read.1.tlog
E:\School\igra1\Task07\Debug\link.6596.write.1.tlog
E:\School\igra1\Task07\Debug\link.6672-cvtres.read.1.tlog
E:\School\igra1\Task07\Debug\link.6672-cvtres.write.1.tlog
E:\School\igra1\Task07\Debug\link.6672-rc.read.1.tlog
E:\School\igra1\Task07\Debug\link.6672-rc.write.1.tlog
E:\School\igra1\Task07\Debug\link.6672.read.1.tlog
E:\School\igra1\Task07\Debug\link.6672.write.1.tlog
E:\School\igra1\Task07\Debug\link.6684-cvtres.read.1.tlog
E:\School\igra1\Task07\Debug\link.6684-cvtres.write.1.tlog
E:\School\igra1\Task07\Debug\link.6684-rc.read.1.tlog
E:\School\igra1\Task07\Debug\link.6684-rc.write.1.tlog
E:\School\igra1\Task07\Debug\link.6684.read.1.tlog
E:\School\igra1\Task07\Debug\link.6684.write.1.tlog
E:\School\igra1\Task07\Debug\link.6724-cvtres.read.1.tlog
E:\School\igra1\Task07\Debug\link.6724-cvtres.write.1.tlog
E:\School\igra1\Task07\Debug\link.6724-rc.read.1.tlog
E:\School\igra1\Task07\Debug\link.6724-rc.write.1.tlog
E:\School\igra1\Task07\Debug\link.6724.read.1.tlog
E:\School\igra1\Task07\Debug\link.6724.write.1.tlog
E:\School\igra1\Task07\Debug\link.6824-cvtres.read.1.tlog
E:\School\igra1\Task07\Debug\link.6824-cvtres.write.1.tlog
E:\School\igra1\Task07\Debug\link.6824-rc.read.1.tlog
E:\School\igra1\Task07\Debug\link.6824-rc.write.1.tlog
E:\School\igra1\Task07\Debug\link.6824.read.1.tlog
E:\School\igra1\Task07\Debug\link.6824.write.1.tlog
E:\School\igra1\Task07\Debug\link.6848-cvtres.read.1.tlog
E:\School\igra1\Task07\Debug\link.6848-cvtres.write.1.tlog
E:\School\igra1\Task07\Debug\link.6848-rc.read.1.tlog
E:\School\igra1\Task07\Debug\link.6848-rc.write.1.tlog
E:\School\igra1\Task07\Debug\link.6848.read.1.tlog
E:\School\igra1\Task07\Debug\link.6848.write.1.tlog
E:\School\igra1\Task07\Debug\link.6948-cvtres.read.1.tlog
E:\School\igra1\Task07\Debug\link.6948-cvtres.write.1.tlog
E:\School\igra1\Task07\Debug\link.6948-rc.read.1.tlog
E:\School\igra1\Task07\Debug\link.6948-rc.write.1.tlog
E:\School\igra1\Task07\Debug\link.6948.read.1.tlog
E:\School\igra1\Task07\Debug\link.6948.write.1.tlog
E:\School\igra1\Task07\Debug\link.6980-cvtres.read.1.tlog
E:\School\igra1\Task07\Debug\link.6980-cvtres.write.1.tlog
E:\School\igra1\Task07\Debug\link.6980-rc.read.1.tlog
E:\School\igra1\Task07\Debug\link.6980-rc.write.1.tlog
E:\School\igra1\Task07\Debug\link.6980.read.1.tlog
E:\School\igra1\Task07\Debug\link.6980.write.1.tlog
E:\School\igra1\Task07\Debug\link.6996-cvtres.read.1.tlog
E:\School\igra1\Task07\Debug\link.6996-cvtres.write.1.tlog
E:\School\igra1\Task07\Debug\link.6996-rc.read.1.tlog
E:\School\igra1\Task07\Debug\link.6996-rc.write.1.tlog
E:\School\igra1\Task07\Debug\link.6996.read.1.tlog
E:\School\igra1\Task07\Debug\link.6996.write.1.tlog
E:\School\igra1\Task07\Debug\link.7032-cvtres.read.1.tlog
E:\School\igra1\Task07\Debug\link.7032-cvtres.write.1.tlog
E:\School\igra1\Task07\Debug\link.7032-rc.read.1.tlog
E:\School\igra1\Task07\Debug\link.7032-rc.write.1.tlog
E:\School\igra1\Task07\Debug\link.7032.read.1.tlog
E:\School\igra1\Task07\Debug\link.7032.write.1.tlog
E:\School\igra1\Task07\Debug\link.7044-cvtres.read.1.tlog
E:\School\igra1\Task07\Debug\link.7044-cvtres.write.1.tlog
E:\School\igra1\Task07\Debug\link.7044-rc.read.1.tlog
E:\School\igra1\Task07\Debug\link.7044-rc.write.1.tlog
E:\School\igra1\Task07\Debug\link.7044.read.1.tlog
E:\School\igra1\Task07\Debug\link.7044.write.1.tlog
E:\School\igra1\Task07\Debug\link.7080-cvtres.read.1.tlog
E:\School\igra1\Task07\Debug\link.7080-cvtres.write.1.tlog
E:\School\igra1\Task07\Debug\link.7080-rc.read.1.tlog
E:\School\igra1\Task07\Debug\link.7080-rc.write.1.tlog
E:\School\igra1\Task07\Debug\link.7080.read.1.tlog
E:\School\igra1\Task07\Debug\link.7080.write.1.tlog
E:\School\igra1\Task07\Debug\link.7120-cvtres.read.1.tlog
E:\School\igra1\Task07\Debug\link.7120-cvtres.write.1.tlog
E:\School\igra1\Task07\Debug\link.7120-rc.read.1.tlog
E:\School\igra1\Task07\Debug\link.7120-rc.write.1.tlog
E:\School\igra1\Task07\Debug\link.7120.read.1.tlog
E:\School\igra1\Task07\Debug\link.7120.write.1.tlog
E:\School\igra1\Task07\Debug\link.7308-cvtres.read.1.tlog
E:\School\igra1\Task07\Debug\link.7308-cvtres.write.1.tlog
E:\School\igra1\Task07\Debug\link.7308-rc.read.1.tlog
E:\School\igra1\Task07\Debug\link.7308-rc.write.1.tlog
E:\School\igra1\Task07\Debug\link.7308.read.1.tlog
E:\School\igra1\Task07\Debug\link.7308.write.1.tlog
E:\School\igra1\Task07\Debug\link.7328-cvtres.read.1.tlog
E:\School\igra1\Task07\Debug\link.7328-cvtres.write.1.tlog
E:\School\igra1\Task07\Debug\link.7328-rc.read.1.tlog
E:\School\igra1\Task07\Debug\link.7328-rc.write.1.tlog
E:\School\igra1\Task07\Debug\link.7328.read.1.tlog
E:\School\igra1\Task07\Debug\link.7328.write.1.tlog
E:\School\igra1\Task07\Debug\link.7340-cvtres.read.1.tlog
E:\School\igra1\Task07\Debug\link.7340-cvtres.write.1.tlog
E:\School\igra1\Task07\Debug\link.7340-rc.read.1.tlog
E:\School\igra1\Task07\Debug\link.7340-rc.write.1.tlog
E:\School\igra1\Task07\Debug\link.7340.read.1.tlog
E:\School\igra1\Task07\Debug\link.7340.write.1.tlog
E:\School\igra1\Task07\Debug\link.7408-cvtres.read.1.tlog
E:\School\igra1\Task07\Debug\link.7408-cvtres.write.1.tlog
E:\School\igra1\Task07\Debug\link.7408-rc.read.1.tlog
E:\School\igra1\Task07\Debug\link.7408-rc.write.1.tlog
E:\School\igra1\Task07\Debug\link.7408.read.1.tlog
E:\School\igra1\Task07\Debug\link.7408.write.1.tlog
E:\School\igra1\Task07\Debug\link.7412-cvtres.read.1.tlog
E:\School\igra1\Task07\Debug\link.7412-cvtres.write.1.tlog
E:\School\igra1\Task07\Debug\link.7412-rc.read.1.tlog
E:\School\igra1\Task07\Debug\link.7412-rc.write.1.tlog
E:\School\igra1\Task07\Debug\link.7412.read.1.tlog
E:\School\igra1\Task07\Debug\link.7412.write.1.tlog
E:\School\igra1\Task07\Debug\link.7512-cvtres.read.1.tlog
E:\School\igra1\Task07\Debug\link.7512-cvtres.write.1.tlog
E:\School\igra1\Task07\Debug\link.7512-rc.read.1.tlog
E:\School\igra1\Task07\Debug\link.7512-rc.write.1.tlog
E:\School\igra1\Task07\Debug\link.7512.read.1.tlog
E:\School\igra1\Task07\Debug\link.7512.write.1.tlog
E:\School\igra1\Task07\Debug\link.7536-cvtres.read.1.tlog
E:\School\igra1\Task07\Debug\link.7536-cvtres.write.1.tlog
E:\School\igra1\Task07\Debug\link.7536-rc.read.1.tlog
E:\School\igra1\Task07\Debug\link.7536-rc.write.1.tlog
E:\School\igra1\Task07\Debug\link.7536.read.1.tlog
E:\School\igra1\Task07\Debug\link.7536.write.1.tlog
E:\School\igra1\Task07\Debug\link.7568-cvtres.read.1.tlog
E:\School\igra1\Task07\Debug\link.7568-cvtres.write.1.tlog
E:\School\igra1\Task07\Debug\link.7568-rc.read.1.tlog
E:\School\igra1\Task07\Debug\link.7568-rc.write.1.tlog
E:\School\igra1\Task07\Debug\link.7568.read.1.tlog
E:\School\igra1\Task07\Debug\link.7568.write.1.tlog
E:\School\igra1\Task07\Debug\link.7668-cvtres.read.1.tlog
E:\School\igra1\Task07\Debug\link.7668-cvtres.write.1.tlog
E:\School\igra1\Task07\Debug\link.7668-rc.read.1.tlog
E:\School\igra1\Task07\Debug\link.7668-rc.write.1.tlog
E:\School\igra1\Task07\Debug\link.7668.read.1.tlog
E:\School\igra1\Task07\Debug\link.7668.write.1.tlog
E:\School\igra1\Task07\Debug\link.7728-cvtres.read.1.tlog
E:\School\igra1\Task07\Debug\link.7728-cvtres.write.1.tlog
E:\School\igra1\Task07\Debug\link.7728-rc.read.1.tlog
E:\School\igra1\Task07\Debug\link.7728-rc.write.1.tlog
E:\School\igra1\Task07\Debug\link.7728.read.1.tlog
E:\School\igra1\Task07\Debug\link.7728.write.1.tlog
E:\School\igra1\Task07\Debug\link.7748-cvtres.read.1.tlog
E:\School\igra1\Task07\Debug\link.7748-cvtres.write.1.tlog
E:\School\igra1\Task07\Debug\link.7748-rc.read.1.tlog
E:\School\igra1\Task07\Debug\link.7748-rc.write.1.tlog
E:\School\igra1\Task07\Debug\link.7748.read.1.tlog
E:\School\igra1\Task07\Debug\link.7748.write.1.tlog
E:\School\igra1\Task07\Debug\link.7768-cvtres.read.1.tlog
E:\School\igra1\Task07\Debug\link.7768-cvtres.write.1.tlog
E:\School\igra1\Task07\Debug\link.7768-rc.read.1.tlog
E:\School\igra1\Task07\Debug\link.7768-rc.write.1.tlog
E:\School\igra1\Task07\Debug\link.7768.read.1.tlog
E:\School\igra1\Task07\Debug\link.7768.write.1.tlog
E:\School\igra1\Task07\Debug\link.7876-cvtres.read.1.tlog
E:\School\igra1\Task07\Debug\link.7876-cvtres.write.1.tlog
E:\School\igra1\Task07\Debug\link.7876-rc.read.1.tlog
E:\School\igra1\Task07\Debug\link.7876-rc.write.1.tlog
E:\School\igra1\Task07\Debug\link.7876.read.1.tlog
E:\School\igra1\Task07\Debug\link.7876.write.1.tlog
E:\School\igra1\Task07\Debug\link.788-cvtres.read.1.tlog
E:\School\igra1\Task07\Debug\link.788-cvtres.write.1.tlog
E:\School\igra1\Task07\Debug\link.788-rc.read.1.tlog
E:\School\igra1\Task07\Debug\link.788-rc.write.1.tlog
E:\School\igra1\Task07\Debug\link.788.read.1.tlog
E:\School\igra1\Task07\Debug\link.788.write.1.tlog
E:\School\igra1\Task07\Debug\link.7912-cvtres.read.1.tlog
E:\School\igra1\Task07\Debug\link.7912-cvtres.write.1.tlog
E:\School\igra1\Task07\Debug\link.7912-rc.read.1.tlog
E:\School\igra1\Task07\Debug\link.7912-rc.write.1.tlog
E:\School\igra1\Task07\Debug\link.7912.read.1.tlog
E:\School\igra1\Task07\Debug\link.7912.write.1.tlog
E:\School\igra1\Task07\Debug\link.7916-cvtres.read.1.tlog
E:\School\igra1\Task07\Debug\link.7916-cvtres.write.1.tlog
E:\School\igra1\Task07\Debug\link.7916-rc.read.1.tlog
E:\School\igra1\Task07\Debug\link.7916-rc.write.1.tlog
E:\School\igra1\Task07\Debug\link.7916.read.1.tlog
E:\School\igra1\Task07\Debug\link.7916.write.1.tlog
E:\School\igra1\Task07\Debug\link.7928-cvtres.read.1.tlog
E:\School\igra1\Task07\Debug\link.7928-cvtres.write.1.tlog
E:\School\igra1\Task07\Debug\link.7928-rc.read.1.tlog
E:\School\igra1\Task07\Debug\link.7928-rc.write.1.tlog
E:\School\igra1\Task07\Debug\link.7928.read.1.tlog
E:\School\igra1\Task07\Debug\link.7928.write.1.tlog
E:\School\igra1\Task07\Debug\link.8100-cvtres.read.1.tlog
E:\School\igra1\Task07\Debug\link.8100-cvtres.write.1.tlog
E:\School\igra1\Task07\Debug\link.8100-rc.read.1.tlog
E:\School\igra1\Task07\Debug\link.8100-rc.write.1.tlog
E:\School\igra1\Task07\Debug\link.8100.read.1.tlog
E:\School\igra1\Task07\Debug\link.8100.write.1.tlog
E:\School\igra1\Task07\Debug\link.900-cvtres.read.1.tlog
E:\School\igra1\Task07\Debug\link.900-cvtres.write.1.tlog
E:\School\igra1\Task07\Debug\link.900-rc.read.1.tlog
E:\School\igra1\Task07\Debug\link.900-rc.write.1.tlog
E:\School\igra1\Task07\Debug\link.900.read.1.tlog
E:\School\igra1\Task07\Debug\link.900.write.1.tlog
E:\School\igra1\Task07\Debug\link.9084-cvtres.read.1.tlog
E:\School\igra1\Task07\Debug\link.9084-cvtres.write.1.tlog
E:\School\igra1\Task07\Debug\link.9084-rc.read.1.tlog
E:\School\igra1\Task07\Debug\link.9084-rc.write.1.tlog
E:\School\igra1\Task07\Debug\link.9084.read.1.tlog
E:\School\igra1\Task07\Debug\link.9084.write.1.tlog
E:\School\igra1\Task07\Debug\link.9696-cvtres.read.1.tlog
E:\School\igra1\Task07\Debug\link.9696-cvtres.write.1.tlog
E:\School\igra1\Task07\Debug\link.9696-rc.read.1.tlog
E:\School\igra1\Task07\Debug\link.9696-rc.write.1.tlog
E:\School\igra1\Task07\Debug\link.9696.read.1.tlog
E:\School\igra1\Task07\Debug\link.9696.write.1.tlog
E:\School\igra1\Task07\Debug\link.9868-cvtres.read.1.tlog
E:\School\igra1\Task07\Debug\link.9868-cvtres.write.1.tlog
E:\School\igra1\Task07\Debug\link.9868-rc.read.1.tlog
E:\School\igra1\Task07\Debug\link.9868-rc.write.1.tlog
E:\School\igra1\Task07\Debug\link.9868.read.1.tlog
E:\School\igra1\Task07\Debug\link.9868.write.1.tlog
E:\School\igra1\Task07\Debug\link.command.1.tlog
E:\School\igra1\Task07\Debug\link.read.1.tlog
E:\School\igra1\Task07\Debug\link.write.1.tlog
E:\School\igra1\Task07\Debug\vc110.idb
E:\School\igra1\Task07\Debug\vc110.pdb
E:\School\igra1\Debug\Task7.pdb
E:\School\igra1\Debug\Task7.exe
E:\School\igra1\Debug\Task7.ilk
