E:\SCHOOL\IGRA1\TASK06\DEBUG\TASK6.OBJ
E:\SCHOOL\IGRA1\TASK06\DEBUG\VC110.PDB
E:\SCHOOL\IGRA1\DEBUG\TASK6.ILK
E:\SCHOOL\IGRA1\DEBUG\TASK6.EXE
E:\SCHOOL\IGRA1\DEBUG\TASK6.PDB
E:\School\igra1\Task06\Debug\Task6.vcxprojResolveAssemblyReference.cache
E:\School\igra1\Task06\Debug\Task6.obj
E:\School\igra1\Task06\Debug\cl.command.1.tlog
E:\School\igra1\Task06\Debug\CL.read.1.tlog
E:\School\igra1\Task06\Debug\CL.write.1.tlog
E:\School\igra1\Task06\Debug\link-cvtres.read.1.tlog
E:\School\igra1\Task06\Debug\link-cvtres.write.1.tlog
E:\School\igra1\Task06\Debug\link-rc.read.1.tlog
E:\School\igra1\Task06\Debug\link-rc.write.1.tlog
E:\School\igra1\Task06\Debug\link.command.1.tlog
E:\School\igra1\Task06\Debug\link.read.1.tlog
E:\School\igra1\Task06\Debug\link.write.1.tlog
E:\School\igra1\Task06\Debug\vc110.idb
E:\School\igra1\Task06\Debug\vc110.pdb
E:\School\igra1\Debug\Task6.pdb
E:\School\igra1\Debug\Task6.exe
E:\School\igra1\Debug\Task6.ilk
